<<<<<<< HEAD
Base path: /Applications/Unity/Unity.app/Contents
Pipe name: \\.\pipe\UnityShaderCompiler-1--1602981420
=======
Base path: C:/Program Files (x86)/Unity/Editor/Data
Pipe name: \\.\pipe\UnityShaderCompiler-1-5000
>>>>>>> FETCH_HEAD
Cmd: getPlatforms
Cmd: preprocess
  insize=818 outsize=818 ok=1
Cmd: preprocess
  insize=472 outsize=472 ok=1
Cmd: preprocess
  insize=835 outsize=835 ok=1
Cmd: preprocess
  insize=730 outsize=730 ok=1
Cmd: preprocess
  insize=608 outsize=608 ok=1
Cmd: preprocess
  insize=1355 outsize=1355 ok=1
Cmd: preprocess
  insize=316 outsize=316 ok=1
Cmd: preprocess
  insize=634 outsize=634 ok=1
Cmd: preprocess
  insize=963 outsize=963 ok=1
<<<<<<< HEAD
Cmd: preprocess
  insize=204 outsize=204 ok=1
Cmd: preprocess
  insize=1124 outsize=1479 ok=1
Cmd: compileSnippet
  api=0 type=0 insize=4477 outsize=951 kw=DIRECTIONAL LIGHTMAP_OFF DIRLIGHTMAP_OFF ok=1
Cmd: compileSnippet
  api=0 type=1 insize=4477 outsize=396 kw=DIRECTIONAL LIGHTMAP_OFF DIRLIGHTMAP_OFF ok=1
Cmd: compileSnippet
  api=0 type=0 insize=2410 outsize=849 kw=POINT ok=1
Cmd: compileSnippet
  api=0 type=1 insize=2410 outsize=564 kw=POINT ok=1
Cmd: preprocess
  insize=1130 outsize=1485 ok=1
Cmd: preprocess
  insize=1513 outsize=804 ok=1
Cmd: compileSnippet
  api=0 type=0 insize=1010 outsize=360 kw= ok=1
Cmd: compileSnippet
  api=0 type=1 insize=1010 outsize=178 kw= ok=1
Cmd: preprocess
  insize=1551 outsize=845 ok=1
Cmd: compileSnippet
  api=0 type=0 insize=1008 outsize=360 kw= ok=1
Cmd: compileSnippet
  api=0 type=1 insize=1008 outsize=178 kw= ok=1
Cmd: preprocess
  insize=196 outsize=196 ok=1
Cmd: preprocess
  insize=1574 outsize=868 ok=1
Cmd: preprocess
  insize=1456 outsize=750 ok=1
Cmd: preprocess
  insize=1092 outsize=1784 ok=1
Cmd: compileSnippet
  api=0 type=0 insize=4544 outsize=951 kw=DIRECTIONAL SHADOWS_OFF LIGHTMAP_OFF DIRLIGHTMAP_OFF ok=1
Cmd: compileSnippet
  api=0 type=1 insize=4544 outsize=430 kw=DIRECTIONAL SHADOWS_OFF LIGHTMAP_OFF DIRLIGHTMAP_OFF ok=1
Cmd: compileSnippet
  api=0 type=0 insize=2482 outsize=849 kw=POINT ok=1
Cmd: compileSnippet
  api=0 type=1 insize=2482 outsize=602 kw=POINT ok=1
Cmd: compileSnippet
  api=0 type=0 insize=2141 outsize=557 kw= ok=1
Cmd: compileSnippet
  api=0 type=1 insize=2141 outsize=309 kw= ok=1
Cmd: compileSnippet
  api=0 type=0 insize=4219 outsize=937 kw=LIGHTMAP_OFF DIRLIGHTMAP_OFF HDR_LIGHT_PREPASS_OFF ok=1
Cmd: compileSnippet
  api=0 type=1 insize=4219 outsize=402 kw=LIGHTMAP_OFF DIRLIGHTMAP_OFF HDR_LIGHT_PREPASS_OFF ok=1
Cmd: preprocess
  insize=1328 outsize=540 ok=1
Cmd: compileSnippet
  api=0 type=0 insize=1090 outsize=360 kw= ok=1
Cmd: compileSnippet
  api=0 type=1 insize=1090 outsize=272 kw= ok=1
Cmd: preprocess
  insize=1093 outsize=363 ok=1
Cmd: compileSnippet
  api=0 type=0 insize=1030 outsize=455 kw= ok=1
Cmd: compileSnippet
  api=0 type=1 insize=1030 outsize=473 kw= ok=1
Cmd: preprocess
  insize=950 outsize=1656 ok=1
Cmd: compileSnippet
  api=0 type=0 insize=4422 outsize=951 kw=DIRECTIONAL SHADOWS_OFF LIGHTMAP_OFF DIRLIGHTMAP_OFF ok=1
Cmd: compileSnippet
  api=0 type=1 insize=4422 outsize=408 kw=DIRECTIONAL SHADOWS_OFF LIGHTMAP_OFF DIRLIGHTMAP_OFF ok=1
Cmd: compileSnippet
  api=0 type=0 insize=2373 outsize=849 kw=POINT ok=1
Cmd: compileSnippet
  api=0 type=1 insize=2373 outsize=576 kw=POINT ok=1
Cmd: compileSnippet
  api=0 type=0 insize=1828 outsize=457 kw= ok=1
Cmd: compileSnippet
  api=0 type=1 insize=1828 outsize=159 kw= ok=1
Cmd: compileSnippet
  api=0 type=0 insize=4114 outsize=937 kw=LIGHTMAP_OFF DIRLIGHTMAP_OFF HDR_LIGHT_PREPASS_OFF ok=1
Cmd: compileSnippet
  api=0 type=1 insize=4114 outsize=369 kw=LIGHTMAP_OFF DIRLIGHTMAP_OFF HDR_LIGHT_PREPASS_OFF ok=1
Cmd: preprocess
  insize=1862 outsize=1031 ok=1
Cmd: compileSnippet
  api=0 type=0 insize=1133 outsize=412 kw= ok=1
Cmd: compileSnippet
  api=0 type=1 insize=1133 outsize=254 kw= ok=1
Cmd: preprocess
  insize=1565 outsize=860 ok=1
Cmd: compileSnippet
  api=0 type=0 insize=1007 outsize=360 kw= ok=1
Cmd: compileSnippet
  api=0 type=1 insize=1007 outsize=178 kw= ok=1
=======
>>>>>>> FETCH_HEAD
